<?xml version="1.0" encoding="UTF-8"?>
<robot generator="Robot 3.2.1 (Python 3.8.3 on darwin)" generated="20200817 07:56:42.035" rpa="false">
<suite id="s1" name="Register &amp; Login &amp; New Customer">
<suite id="s1-s1" name="Register" source="/Users/danhdc/Desktop/Python/Automation/Register">
<suite id="s1-s1-s1" name="Register Testcase" source="/Users/danhdc/Desktop/Python/Automation/Register/Register_Testcase">
<suite id="s1-s1-s1-s1" name="TC1-Register" source="/Users/danhdc/Desktop/Python/Automation/Register/Register_Testcase/TC1-Register.robot">
<test id="s1-s1-s1-s1-t1" name="Verify Error Message When Email Is Empty">
<kw name="User Navigate To HomePage" library="Register_Keyword">
<kw name="Navigate To HomePage" library="URL_Page">
<kw name="Open Browser" library="SeleniumLibrary">
<doc>Opens a new browser instance to the optional ``url``.</doc>
<arguments>
<arg>${url_homepage}</arg>
<arg>${chrome}</arg>
<arg>options=add_argument("--ignore-certificate-errors")</arg>
</arguments>
<msg timestamp="20200817 07:56:42.659" level="INFO">Opening browser 'chrome' to base url 'http://www.demo.guru99.com/V4/'.</msg>
<status status="PASS" starttime="20200817 07:56:42.658" endtime="20200817 07:56:52.072"></status>
</kw>
<kw name="Maximize Browser Window" library="SeleniumLibrary">
<doc>Maximizes current browser window.</doc>
<status status="PASS" starttime="20200817 07:56:52.073" endtime="20200817 07:56:52.222"></status>
</kw>
<status status="PASS" starttime="20200817 07:56:42.658" endtime="20200817 07:56:52.222"></status>
</kw>
<status status="PASS" starttime="20200817 07:56:42.657" endtime="20200817 07:56:52.222"></status>
</kw>
<kw name="User Click On Link Register" library="Register_Keyword">
<kw name="Click On Link Register" library="Register_Page">
<kw name="Click On Link" library="action">
<arguments>
<arg>${register_link}</arg>
</arguments>
<kw name="Wait Until Element Is Visible" library="SeleniumLibrary">
<doc>Waits until the element ``locator`` is visible.</doc>
<arguments>
<arg>${locator}</arg>
</arguments>
<status status="PASS" starttime="20200817 07:56:52.224" endtime="20200817 07:56:52.273"></status>
</kw>
<kw name="Click Link" library="SeleniumLibrary">
<doc>Clicks a link identified by ``locator``.</doc>
<arguments>
<arg>${locator}</arg>
</arguments>
<msg timestamp="20200817 07:56:52.273" level="INFO">Clicking link 'xpath=//a[text()='here']'.</msg>
<status status="PASS" starttime="20200817 07:56:52.273" endtime="20200817 07:56:54.830"></status>
</kw>
<status status="PASS" starttime="20200817 07:56:52.223" endtime="20200817 07:56:54.831"></status>
</kw>
<status status="PASS" starttime="20200817 07:56:52.223" endtime="20200817 07:56:54.831"></status>
</kw>
<status status="PASS" starttime="20200817 07:56:52.222" endtime="20200817 07:56:54.831"></status>
</kw>
<kw name="User Clear Value On Email" library="Register_Keyword">
<kw name="Clear Value On Email" library="Register_Page">
<kw name="Clear Text On Element" library="action">
<arguments>
<arg>${emailID_txt}</arg>
</arguments>
<kw name="Wait Until Element Is Visible" library="SeleniumLibrary">
<doc>Waits until the element ``locator`` is visible.</doc>
<arguments>
<arg>${locator}</arg>
</arguments>
<status status="PASS" starttime="20200817 07:56:54.859" endtime="20200817 07:56:54.889"></status>
</kw>
<kw name="Scroll Element Into View" library="SeleniumLibrary">
<doc>Scrolls the element identified by ``locator`` into view.</doc>
<arguments>
<arg>${locator}</arg>
</arguments>
<status status="PASS" starttime="20200817 07:56:54.889" endtime="20200817 07:56:55.170"></status>
</kw>
<kw name="Clear Element Text" library="SeleniumLibrary">
<doc>Clears the value of the text-input-element identified by ``locator``.</doc>
<arguments>
<arg>${locator}</arg>
</arguments>
<status status="PASS" starttime="20200817 07:56:55.170" endtime="20200817 07:56:55.208"></status>
</kw>
<status status="PASS" starttime="20200817 07:56:54.832" endtime="20200817 07:56:55.208"></status>
</kw>
<status status="PASS" starttime="20200817 07:56:54.832" endtime="20200817 07:56:55.208"></status>
</kw>
<status status="PASS" starttime="20200817 07:56:54.832" endtime="20200817 07:56:55.209"></status>
</kw>
<kw name="User Click On Submit Button" library="Register_Keyword">
<kw name="Click On Submit Button" library="Register_Page">
<kw name="Click On Element" library="action">
<arguments>
<arg>${submit_btn}</arg>
</arguments>
<kw name="Wait Until Element Is Visible" library="SeleniumLibrary">
<doc>Waits until the element ``locator`` is visible.</doc>
<arguments>
<arg>${locator}</arg>
</arguments>
<status status="PASS" starttime="20200817 07:56:55.210" endtime="20200817 07:56:55.232"></status>
</kw>
<kw name="Click Element" library="SeleniumLibrary">
<doc>Click the element identified by ``locator``.</doc>
<arguments>
<arg>${locator}</arg>
</arguments>
<msg timestamp="20200817 07:56:55.232" level="INFO">Clicking element 'name=btnLogin'.</msg>
<status status="PASS" starttime="20200817 07:56:55.232" endtime="20200817 07:56:55.295"></status>
</kw>
<status status="PASS" starttime="20200817 07:56:55.210" endtime="20200817 07:56:55.295"></status>
</kw>
<status status="PASS" starttime="20200817 07:56:55.209" endtime="20200817 07:56:55.295"></status>
</kw>
<status status="PASS" starttime="20200817 07:56:55.209" endtime="20200817 07:56:55.296"></status>
</kw>
<kw name="User Verify Error Message Is Correct When Email Is Empty" library="Register_Keyword">
<kw name="Verify Error Message When Email Is Emplty Is Correct" library="Register_Page">
<kw name="Verify That Action Is Correctly" library="action">
<arguments>
<arg>${error_message_lbl}</arg>
<arg>${email_error_empty}</arg>
</arguments>
<kw name="Scroll Element Into View" library="SeleniumLibrary">
<doc>Scrolls the element identified by ``locator`` into view.</doc>
<arguments>
<arg>${locator}</arg>
</arguments>
<status status="PASS" starttime="20200817 07:56:55.297" endtime="20200817 07:56:55.588"></status>
</kw>
<kw name="Get Text On Element" library="action">
<arguments>
<arg>${locator}</arg>
</arguments>
<assign>
<var>${actual_result}</var>
</assign>
<kw name="Wait Until Element Is Visible" library="SeleniumLibrary">
<doc>Waits until the element ``locator`` is visible.</doc>
<arguments>
<arg>${locator}</arg>
</arguments>
<status status="PASS" starttime="20200817 07:56:55.588" endtime="20200817 07:56:55.604"></status>
</kw>
<kw name="Scroll Element Into View" library="SeleniumLibrary">
<doc>Scrolls the element identified by ``locator`` into view.</doc>
<arguments>
<arg>${locator}</arg>
</arguments>
<status status="PASS" starttime="20200817 07:56:55.604" endtime="20200817 07:56:55.887"></status>
</kw>
<kw name="Get Text" library="SeleniumLibrary">
<doc>Returns the text value of the element identified by ``locator``.</doc>
<arguments>
<arg>${locator}</arg>
</arguments>
<assign>
<var>${return_text}</var>
</assign>
<msg timestamp="20200817 07:56:55.907" level="INFO">${return_text} = Email ID must not be blank</msg>
<status status="PASS" starttime="20200817 07:56:55.887" endtime="20200817 07:56:55.907"></status>
</kw>
<msg timestamp="20200817 07:56:55.907" level="INFO">${actual_result} = Email ID must not be blank</msg>
<status status="PASS" starttime="20200817 07:56:55.588" endtime="20200817 07:56:55.907"></status>
</kw>
<kw name="Should Be Equal" library="BuiltIn">
<doc>Fails if the given objects are unequal.</doc>
<arguments>
<arg>${actual_result}</arg>
<arg>${expected_result}</arg>
</arguments>
<status status="PASS" starttime="20200817 07:56:55.908" endtime="20200817 07:56:55.908"></status>
</kw>
<kw name="Log To Console" library="BuiltIn">
<doc>Logs the given message to the console.</doc>
<arguments>
<arg>text=${actual_result}</arg>
<arg>STDERR</arg>
</arguments>
<status status="PASS" starttime="20200817 07:56:55.908" endtime="20200817 07:56:55.908"></status>
</kw>
<status status="PASS" starttime="20200817 07:56:55.297" endtime="20200817 07:56:55.909"></status>
</kw>
<status status="PASS" starttime="20200817 07:56:55.296" endtime="20200817 07:56:55.909"></status>
</kw>
<status status="PASS" starttime="20200817 07:56:55.296" endtime="20200817 07:56:55.909"></status>
</kw>
<tags>
<tag>All</tag>
<tag>Register</tag>
</tags>
<status status="PASS" starttime="20200817 07:56:42.656" endtime="20200817 07:56:55.909" critical="yes"></status>
</test>
<test id="s1-s1-s1-s1-t2" name="Register User Is Success">
<kw name="User Input Email" library="Register_Keyword">
<kw name="Input Email" library="Register_Page">
<kw name="Email Random" library="register_variables">
<kw name="Email" library="faker">
<assign>
<var>${email}</var>
</assign>
<msg timestamp="20200817 07:56:55.914" level="INFO">${email} = patricia98@yahoo.com</msg>
<status status="PASS" starttime="20200817 07:56:55.913" endtime="20200817 07:56:55.914"></status>
</kw>
<kw name="Set Suite Variable" library="BuiltIn">
<doc>Makes a variable available everywhere within the scope of the current suite.</doc>
<arguments>
<arg>${email}</arg>
</arguments>
<msg timestamp="20200817 07:56:55.914" level="INFO">${email} = patricia98@yahoo.com</msg>
<status status="PASS" starttime="20200817 07:56:55.914" endtime="20200817 07:56:55.915"></status>
</kw>
<kw name="Log To Console" library="BuiltIn">
<doc>Logs the given message to the console.</doc>
<arguments>
<arg>email=${email}</arg>
<arg>STDERR</arg>
</arguments>
<status status="PASS" starttime="20200817 07:56:55.915" endtime="20200817 07:56:55.915"></status>
</kw>
<status status="PASS" starttime="20200817 07:56:55.912" endtime="20200817 07:56:55.915"></status>
</kw>
<kw name="Input Text On Element" library="action">
<arguments>
<arg>${emailID_txt}</arg>
<arg>${email}</arg>
</arguments>
<kw name="Wait Until Element Is Visible" library="SeleniumLibrary">
<doc>Waits until the element ``locator`` is visible.</doc>
<arguments>
<arg>${locator}</arg>
</arguments>
<status status="PASS" starttime="20200817 07:56:55.916" endtime="20200817 07:56:55.935"></status>
</kw>
<kw name="Scroll Element Into View" library="SeleniumLibrary">
<doc>Scrolls the element identified by ``locator`` into view.</doc>
<arguments>
<arg>${locator}</arg>
</arguments>
<status status="PASS" starttime="20200817 07:56:55.935" endtime="20200817 07:56:56.244"></status>
</kw>
<kw name="Input Text" library="SeleniumLibrary">
<doc>Types the given ``text`` into the text field identified by ``locator``.</doc>
<arguments>
<arg>${locator}</arg>
<arg>${text}</arg>
</arguments>
<msg timestamp="20200817 07:56:56.245" level="INFO">Typing text 'patricia98@yahoo.com' into text field 'name=emailid'.</msg>
<status status="PASS" starttime="20200817 07:56:56.245" endtime="20200817 07:56:56.466"></status>
</kw>
<status status="PASS" starttime="20200817 07:56:55.915" endtime="20200817 07:56:56.466"></status>
</kw>
<status status="PASS" starttime="20200817 07:56:55.912" endtime="20200817 07:56:56.466"></status>
</kw>
<status status="PASS" starttime="20200817 07:56:55.911" endtime="20200817 07:56:56.466"></status>
</kw>
<kw name="User Click On Submit Button" library="Register_Keyword">
<kw name="Click On Submit Button" library="Register_Page">
<kw name="Click On Element" library="action">
<arguments>
<arg>${submit_btn}</arg>
</arguments>
<kw name="Wait Until Element Is Visible" library="SeleniumLibrary">
<doc>Waits until the element ``locator`` is visible.</doc>
<arguments>
<arg>${locator}</arg>
</arguments>
<status status="PASS" starttime="20200817 07:56:56.468" endtime="20200817 07:56:56.495"></status>
</kw>
<kw name="Click Element" library="SeleniumLibrary">
<doc>Click the element identified by ``locator``.</doc>
<arguments>
<arg>${locator}</arg>
</arguments>
<msg timestamp="20200817 07:56:56.495" level="INFO">Clicking element 'name=btnLogin'.</msg>
<status status="PASS" starttime="20200817 07:56:56.495" endtime="20200817 07:56:57.420"></status>
</kw>
<status status="PASS" starttime="20200817 07:56:56.468" endtime="20200817 07:56:57.421"></status>
</kw>
<status status="PASS" starttime="20200817 07:56:56.467" endtime="20200817 07:56:57.421"></status>
</kw>
<status status="PASS" starttime="20200817 07:56:56.467" endtime="20200817 07:56:57.421"></status>
</kw>
<kw name="User Get UserID Register" library="Register_Keyword">
<kw name="Get UserID Register" library="Register_Page">
<kw name="Get Text On Element" library="action">
<arguments>
<arg>${userID_lbl}</arg>
</arguments>
<assign>
<var>${get_userID}</var>
</assign>
<kw name="Wait Until Element Is Visible" library="SeleniumLibrary">
<doc>Waits until the element ``locator`` is visible.</doc>
<arguments>
<arg>${locator}</arg>
</arguments>
<status status="PASS" starttime="20200817 07:56:57.424" endtime="20200817 07:56:57.690"></status>
</kw>
<kw name="Scroll Element Into View" library="SeleniumLibrary">
<doc>Scrolls the element identified by ``locator`` into view.</doc>
<arguments>
<arg>${locator}</arg>
</arguments>
<status status="PASS" starttime="20200817 07:56:57.690" endtime="20200817 07:56:57.957"></status>
</kw>
<kw name="Get Text" library="SeleniumLibrary">
<doc>Returns the text value of the element identified by ``locator``.</doc>
<arguments>
<arg>${locator}</arg>
</arguments>
<assign>
<var>${return_text}</var>
</assign>
<msg timestamp="20200817 07:56:57.976" level="INFO">${return_text} = mngr278948</msg>
<status status="PASS" starttime="20200817 07:56:57.957" endtime="20200817 07:56:57.976"></status>
</kw>
<msg timestamp="20200817 07:56:57.977" level="INFO">${get_userID} = mngr278948</msg>
<status status="PASS" starttime="20200817 07:56:57.423" endtime="20200817 07:56:57.977"></status>
</kw>
<kw name="Set Global Variable" library="BuiltIn">
<doc>Makes a variable available globally in all tests and suites.</doc>
<arguments>
<arg>${NEW_USERID}</arg>
<arg>${get_userID}</arg>
</arguments>
<msg timestamp="20200817 07:56:57.978" level="INFO">${NEW_USERID} = mngr278948</msg>
<status status="PASS" starttime="20200817 07:56:57.977" endtime="20200817 07:56:57.978"></status>
</kw>
<kw name="Log" library="BuiltIn">
<doc>Logs the given message with the given level.</doc>
<arguments>
<arg>userID=${NEW_USERID}</arg>
<arg>HTML</arg>
</arguments>
<msg timestamp="20200817 07:56:57.979" level="INFO" html="yes">userID=mngr278948</msg>
<status status="PASS" starttime="20200817 07:56:57.978" endtime="20200817 07:56:57.979"></status>
</kw>
<status status="PASS" starttime="20200817 07:56:57.422" endtime="20200817 07:56:57.979"></status>
</kw>
<status status="PASS" starttime="20200817 07:56:57.421" endtime="20200817 07:56:57.979"></status>
</kw>
<kw name="User Get Password Register" library="Register_Keyword">
<kw name="Get Password Register" library="Register_Page">
<kw name="Get Text On Element" library="action">
<arguments>
<arg>${password_lbl}</arg>
</arguments>
<assign>
<var>${get_pass}</var>
</assign>
<kw name="Wait Until Element Is Visible" library="SeleniumLibrary">
<doc>Waits until the element ``locator`` is visible.</doc>
<arguments>
<arg>${locator}</arg>
</arguments>
<status status="PASS" starttime="20200817 07:56:57.980" endtime="20200817 07:56:58.001"></status>
</kw>
<kw name="Scroll Element Into View" library="SeleniumLibrary">
<doc>Scrolls the element identified by ``locator`` into view.</doc>
<arguments>
<arg>${locator}</arg>
</arguments>
<status status="PASS" starttime="20200817 07:56:58.001" endtime="20200817 07:56:58.274"></status>
</kw>
<kw name="Get Text" library="SeleniumLibrary">
<doc>Returns the text value of the element identified by ``locator``.</doc>
<arguments>
<arg>${locator}</arg>
</arguments>
<assign>
<var>${return_text}</var>
</assign>
<msg timestamp="20200817 07:56:58.295" level="INFO">${return_text} = umAzYvU</msg>
<status status="PASS" starttime="20200817 07:56:58.275" endtime="20200817 07:56:58.295"></status>
</kw>
<msg timestamp="20200817 07:56:58.296" level="INFO">${get_pass} = umAzYvU</msg>
<status status="PASS" starttime="20200817 07:56:57.980" endtime="20200817 07:56:58.296"></status>
</kw>
<kw name="Set Global Variable" library="BuiltIn">
<doc>Makes a variable available globally in all tests and suites.</doc>
<arguments>
<arg>${NEW_PASS}</arg>
<arg>${get_pass}</arg>
</arguments>
<msg timestamp="20200817 07:56:58.297" level="INFO">${NEW_PASS} = umAzYvU</msg>
<status status="PASS" starttime="20200817 07:56:58.296" endtime="20200817 07:56:58.298"></status>
</kw>
<kw name="Log" library="BuiltIn">
<doc>Logs the given message with the given level.</doc>
<arguments>
<arg>pass=${NEW_PASS}</arg>
<arg>HTML</arg>
</arguments>
<msg timestamp="20200817 07:56:58.299" level="INFO" html="yes">pass=umAzYvU</msg>
<status status="PASS" starttime="20200817 07:56:58.298" endtime="20200817 07:56:58.299"></status>
</kw>
<status status="PASS" starttime="20200817 07:56:57.980" endtime="20200817 07:56:58.299"></status>
</kw>
<status status="PASS" starttime="20200817 07:56:57.979" endtime="20200817 07:56:58.300"></status>
</kw>
<tags>
<tag>All</tag>
<tag>Register</tag>
</tags>
<status status="PASS" starttime="20200817 07:56:55.910" endtime="20200817 07:56:58.300" critical="yes"></status>
</test>
<status status="PASS" starttime="20200817 07:56:42.073" endtime="20200817 07:56:58.303"></status>
</suite>
<status status="PASS" starttime="20200817 07:56:42.071" endtime="20200817 07:56:58.310"></status>
</suite>
<status status="PASS" starttime="20200817 07:56:42.069" endtime="20200817 07:56:58.316"></status>
</suite>
<suite id="s1-s2" name="Login" source="/Users/danhdc/Desktop/Python/Automation/Login">
<suite id="s1-s2-s1" name="Login Testcase" source="/Users/danhdc/Desktop/Python/Automation/Login/Login_Testcase">
<suite id="s1-s2-s1-s1" name="TC1-Valid login" source="/Users/danhdc/Desktop/Python/Automation/Login/Login_Testcase/TC1-Valid_login.robot">
<test id="s1-s2-s1-s1-t1" name="Login is valid">
<kw name="User Open New Tab Navigate To HomePage" library="Valid_login_keyword">
<kw name="Open New Tab Navigate To HomePage" library="URL_Page">
<kw name="Execute Javascript" library="SeleniumLibrary">
<doc>Executes the given JavaScript code with possible arguments.</doc>
<arguments>
<arg>window.open()</arg>
</arguments>
<msg timestamp="20200817 07:56:58.415" level="INFO">Executing JavaScript:
window.open()
Without any arguments.</msg>
<status status="PASS" starttime="20200817 07:56:58.414" endtime="20200817 07:56:58.460"></status>
</kw>
<kw name="Switch Window" library="SeleniumLibrary">
<doc>Switches to browser window matching ``locator``.</doc>
<arguments>
<arg>locator=NEW</arg>
</arguments>
<status status="PASS" starttime="20200817 07:56:58.460" endtime="20200817 07:56:58.476"></status>
</kw>
<kw name="Go To" library="SeleniumLibrary">
<doc>Navigates the current browser window to the provided ``url``.</doc>
<arguments>
<arg>${url_homepage}</arg>
</arguments>
<msg timestamp="20200817 07:56:58.477" level="INFO">Opening url 'http://www.demo.guru99.com/V4/'</msg>
<status status="PASS" starttime="20200817 07:56:58.476" endtime="20200817 07:57:00.330"></status>
</kw>
<kw name="Maximize Browser Window" library="SeleniumLibrary">
<doc>Maximizes current browser window.</doc>
<status status="PASS" starttime="20200817 07:57:00.330" endtime="20200817 07:57:00.545"></status>
</kw>
<status status="PASS" starttime="20200817 07:56:58.414" endtime="20200817 07:57:00.545"></status>
</kw>
<status status="PASS" starttime="20200817 07:56:58.414" endtime="20200817 07:57:00.545"></status>
</kw>
<kw name="User Input UserID" library="Valid_login_keyword">
<kw name="Input UserID Register" library="Valid_login_page">
<kw name="Input Text On Element" library="action">
<arguments>
<arg>${userID_txt}</arg>
<arg>${NEW_USERID}</arg>
</arguments>
<kw name="Wait Until Element Is Visible" library="SeleniumLibrary">
<doc>Waits until the element ``locator`` is visible.</doc>
<arguments>
<arg>${locator}</arg>
</arguments>
<status status="PASS" starttime="20200817 07:57:00.548" endtime="20200817 07:57:01.064"></status>
</kw>
<kw name="Scroll Element Into View" library="SeleniumLibrary">
<doc>Scrolls the element identified by ``locator`` into view.</doc>
<arguments>
<arg>${locator}</arg>
</arguments>
<status status="PASS" starttime="20200817 07:57:01.065" endtime="20200817 07:57:02.146"></status>
</kw>
<kw name="Input Text" library="SeleniumLibrary">
<doc>Types the given ``text`` into the text field identified by ``locator``.</doc>
<arguments>
<arg>${locator}</arg>
<arg>${text}</arg>
</arguments>
<msg timestamp="20200817 07:57:02.147" level="INFO">Typing text 'mngr278948' into text field 'name=uid'.</msg>
<status status="PASS" starttime="20200817 07:57:02.146" endtime="20200817 07:57:02.626"></status>
</kw>
<status status="PASS" starttime="20200817 07:57:00.547" endtime="20200817 07:57:02.626"></status>
</kw>
<status status="PASS" starttime="20200817 07:57:00.546" endtime="20200817 07:57:02.626"></status>
</kw>
<status status="PASS" starttime="20200817 07:57:00.546" endtime="20200817 07:57:02.627"></status>
</kw>
<kw name="User Input Password" library="Valid_login_keyword">
<kw name="Input Password Register" library="Valid_login_page">
<kw name="Input Text On Element" library="action">
<arguments>
<arg>${pass_txt}</arg>
<arg>${NEW_PASS}</arg>
</arguments>
<kw name="Wait Until Element Is Visible" library="SeleniumLibrary">
<doc>Waits until the element ``locator`` is visible.</doc>
<arguments>
<arg>${locator}</arg>
</arguments>
<status status="PASS" starttime="20200817 07:57:02.629" endtime="20200817 07:57:02.690"></status>
</kw>
<kw name="Scroll Element Into View" library="SeleniumLibrary">
<doc>Scrolls the element identified by ``locator`` into view.</doc>
<arguments>
<arg>${locator}</arg>
</arguments>
<status status="PASS" starttime="20200817 07:57:02.691" endtime="20200817 07:57:02.975"></status>
</kw>
<kw name="Input Text" library="SeleniumLibrary">
<doc>Types the given ``text`` into the text field identified by ``locator``.</doc>
<arguments>
<arg>${locator}</arg>
<arg>${text}</arg>
</arguments>
<msg timestamp="20200817 07:57:02.976" level="INFO">Typing text 'umAzYvU' into text field 'name=password'.</msg>
<status status="PASS" starttime="20200817 07:57:02.976" endtime="20200817 07:57:03.082"></status>
</kw>
<status status="PASS" starttime="20200817 07:57:02.628" endtime="20200817 07:57:03.082"></status>
</kw>
<status status="PASS" starttime="20200817 07:57:02.628" endtime="20200817 07:57:03.082"></status>
</kw>
<status status="PASS" starttime="20200817 07:57:02.627" endtime="20200817 07:57:03.082"></status>
</kw>
<kw name="User Click Login Button" library="Valid_login_keyword">
<kw name="Click Login Button" library="Valid_login_page">
<kw name="Click On Element" library="action">
<arguments>
<arg>${login_btn}</arg>
</arguments>
<kw name="Wait Until Element Is Visible" library="SeleniumLibrary">
<doc>Waits until the element ``locator`` is visible.</doc>
<arguments>
<arg>${locator}</arg>
</arguments>
<status status="PASS" starttime="20200817 07:57:03.084" endtime="20200817 07:57:03.120"></status>
</kw>
<kw name="Click Element" library="SeleniumLibrary">
<doc>Click the element identified by ``locator``.</doc>
<arguments>
<arg>${locator}</arg>
</arguments>
<msg timestamp="20200817 07:57:03.120" level="INFO">Clicking element 'name=btnLogin'.</msg>
<status status="PASS" starttime="20200817 07:57:03.120" endtime="20200817 07:57:04.710"></status>
</kw>
<status status="PASS" starttime="20200817 07:57:03.084" endtime="20200817 07:57:04.710"></status>
</kw>
<status status="PASS" starttime="20200817 07:57:03.083" endtime="20200817 07:57:04.711"></status>
</kw>
<status status="PASS" starttime="20200817 07:57:03.083" endtime="20200817 07:57:04.711"></status>
</kw>
<kw name="User Verify Login Is Success" library="Valid_login_keyword">
<kw name="Verify Login Is Success" library="Valid_login_page">
<kw name="Verify That Action Is Correctly" library="action">
<arguments>
<arg>${login_success_locator}</arg>
<arg>${login_success_message}</arg>
</arguments>
<kw name="Scroll Element Into View" library="SeleniumLibrary">
<doc>Scrolls the element identified by ``locator`` into view.</doc>
<arguments>
<arg>${locator}</arg>
</arguments>
<status status="PASS" starttime="20200817 07:57:04.713" endtime="20200817 07:57:05.012"></status>
</kw>
<kw name="Get Text On Element" library="action">
<arguments>
<arg>${locator}</arg>
</arguments>
<assign>
<var>${actual_result}</var>
</assign>
<kw name="Wait Until Element Is Visible" library="SeleniumLibrary">
<doc>Waits until the element ``locator`` is visible.</doc>
<arguments>
<arg>${locator}</arg>
</arguments>
<status status="PASS" starttime="20200817 07:57:05.014" endtime="20200817 07:57:05.032"></status>
</kw>
<kw name="Scroll Element Into View" library="SeleniumLibrary">
<doc>Scrolls the element identified by ``locator`` into view.</doc>
<arguments>
<arg>${locator}</arg>
</arguments>
<status status="PASS" starttime="20200817 07:57:05.032" endtime="20200817 07:57:05.310"></status>
</kw>
<kw name="Get Text" library="SeleniumLibrary">
<doc>Returns the text value of the element identified by ``locator``.</doc>
<arguments>
<arg>${locator}</arg>
</arguments>
<assign>
<var>${return_text}</var>
</assign>
<msg timestamp="20200817 07:57:05.330" level="INFO">${return_text} = Welcome To Manager's Page of Guru99 Bank</msg>
<status status="PASS" starttime="20200817 07:57:05.311" endtime="20200817 07:57:05.330"></status>
</kw>
<msg timestamp="20200817 07:57:05.331" level="INFO">${actual_result} = Welcome To Manager's Page of Guru99 Bank</msg>
<status status="PASS" starttime="20200817 07:57:05.013" endtime="20200817 07:57:05.331"></status>
</kw>
<kw name="Should Be Equal" library="BuiltIn">
<doc>Fails if the given objects are unequal.</doc>
<arguments>
<arg>${actual_result}</arg>
<arg>${expected_result}</arg>
</arguments>
<status status="PASS" starttime="20200817 07:57:05.331" endtime="20200817 07:57:05.331"></status>
</kw>
<kw name="Log To Console" library="BuiltIn">
<doc>Logs the given message to the console.</doc>
<arguments>
<arg>text=${actual_result}</arg>
<arg>STDERR</arg>
</arguments>
<status status="PASS" starttime="20200817 07:57:05.331" endtime="20200817 07:57:05.332"></status>
</kw>
<status status="PASS" starttime="20200817 07:57:04.713" endtime="20200817 07:57:05.332"></status>
</kw>
<status status="PASS" starttime="20200817 07:57:04.712" endtime="20200817 07:57:05.332"></status>
</kw>
<status status="PASS" starttime="20200817 07:57:04.711" endtime="20200817 07:57:05.332"></status>
</kw>
<tags>
<tag>All</tag>
<tag>login_success_1</tag>
<tag>Register</tag>
</tags>
<status status="PASS" starttime="20200817 07:56:58.413" endtime="20200817 07:57:05.332" critical="yes"></status>
</test>
<status status="PASS" starttime="20200817 07:56:58.361" endtime="20200817 07:57:05.333"></status>
</suite>
<status status="PASS" starttime="20200817 07:56:58.347" endtime="20200817 07:57:05.335"></status>
</suite>
<status status="PASS" starttime="20200817 07:56:58.322" endtime="20200817 07:57:05.337"></status>
</suite>
<suite id="s1-s3" name="New Customer" source="/Users/danhdc/Desktop/Python/Automation/New_Customer">
<suite id="s1-s3-s1" name="NewCustomer Testcase" source="/Users/danhdc/Desktop/Python/Automation/New_Customer/NewCustomer_Testcase">
<suite id="s1-s3-s1-s1" name="AddNewCustomer" source="/Users/danhdc/Desktop/Python/Automation/New_Customer/NewCustomer_Testcase/AddNewCustomer.robot">
<test id="s1-s3-s1-s1-t1" name="Add NewCustomer Is Success">
<kw name="User Open NewCustomer Page" library="NewCustomer_Keyword">
<kw name="Open NewCustomer Page" library="NewCustomer_Page">
<kw name="Click On Link" library="action">
<arguments>
<arg>${newCustomer_link}</arg>
</arguments>
<kw name="Wait Until Element Is Visible" library="SeleniumLibrary">
<doc>Waits until the element ``locator`` is visible.</doc>
<arguments>
<arg>${locator}</arg>
</arguments>
<status status="PASS" starttime="20200817 07:57:05.393" endtime="20200817 07:57:05.431"></status>
</kw>
<kw name="Click Link" library="SeleniumLibrary">
<doc>Clicks a link identified by ``locator``.</doc>
<arguments>
<arg>${locator}</arg>
</arguments>
<msg timestamp="20200817 07:57:05.432" level="INFO">Clicking link 'xpath=//a[@href='addcustomerpage.php']'.</msg>
<status status="PASS" starttime="20200817 07:57:05.432" endtime="20200817 07:57:06.690"></status>
</kw>
<status status="PASS" starttime="20200817 07:57:05.392" endtime="20200817 07:57:06.690"></status>
</kw>
<status status="PASS" starttime="20200817 07:57:05.392" endtime="20200817 07:57:06.690"></status>
</kw>
<status status="PASS" starttime="20200817 07:57:05.389" endtime="20200817 07:57:06.691"></status>
</kw>
<kw name="User Verify NewCustomer Page Is Displayed" library="NewCustomer_Keyword">
<kw name="Verify NewCustomer Page Is Displayed" library="NewCustomer_Page">
<kw name="Verify That Action Is Correctly" library="action">
<arguments>
<arg>${addCustomer_page}</arg>
<arg>${addCustomer_title}</arg>
</arguments>
<kw name="Scroll Element Into View" library="SeleniumLibrary">
<doc>Scrolls the element identified by ``locator`` into view.</doc>
<arguments>
<arg>${locator}</arg>
</arguments>
<status status="PASS" starttime="20200817 07:57:06.693" endtime="20200817 07:57:06.970"></status>
</kw>
<kw name="Get Text On Element" library="action">
<arguments>
<arg>${locator}</arg>
</arguments>
<assign>
<var>${actual_result}</var>
</assign>
<kw name="Wait Until Element Is Visible" library="SeleniumLibrary">
<doc>Waits until the element ``locator`` is visible.</doc>
<arguments>
<arg>${locator}</arg>
</arguments>
<status status="PASS" starttime="20200817 07:57:06.971" endtime="20200817 07:57:06.986"></status>
</kw>
<kw name="Scroll Element Into View" library="SeleniumLibrary">
<doc>Scrolls the element identified by ``locator`` into view.</doc>
<arguments>
<arg>${locator}</arg>
</arguments>
<status status="PASS" starttime="20200817 07:57:06.986" endtime="20200817 07:57:07.253"></status>
</kw>
<kw name="Get Text" library="SeleniumLibrary">
<doc>Returns the text value of the element identified by ``locator``.</doc>
<arguments>
<arg>${locator}</arg>
</arguments>
<assign>
<var>${return_text}</var>
</assign>
<msg timestamp="20200817 07:57:07.272" level="INFO">${return_text} = Add New Customer</msg>
<status status="PASS" starttime="20200817 07:57:07.253" endtime="20200817 07:57:07.272"></status>
</kw>
<msg timestamp="20200817 07:57:07.272" level="INFO">${actual_result} = Add New Customer</msg>
<status status="PASS" starttime="20200817 07:57:06.970" endtime="20200817 07:57:07.272"></status>
</kw>
<kw name="Should Be Equal" library="BuiltIn">
<doc>Fails if the given objects are unequal.</doc>
<arguments>
<arg>${actual_result}</arg>
<arg>${expected_result}</arg>
</arguments>
<status status="PASS" starttime="20200817 07:57:07.273" endtime="20200817 07:57:07.273"></status>
</kw>
<kw name="Log To Console" library="BuiltIn">
<doc>Logs the given message to the console.</doc>
<arguments>
<arg>text=${actual_result}</arg>
<arg>STDERR</arg>
</arguments>
<status status="PASS" starttime="20200817 07:57:07.273" endtime="20200817 07:57:07.273"></status>
</kw>
<status status="PASS" starttime="20200817 07:57:06.692" endtime="20200817 07:57:07.274"></status>
</kw>
<status status="PASS" starttime="20200817 07:57:06.692" endtime="20200817 07:57:07.274"></status>
</kw>
<status status="PASS" starttime="20200817 07:57:06.691" endtime="20200817 07:57:07.274"></status>
</kw>
<kw name="User Input Customer Name" library="NewCustomer_Keyword">
<kw name="Input Customer Name" library="NewCustomer_Page">
<kw name="Input Text On Element" library="action">
<arguments>
<arg>${customerName_txt}</arg>
<arg>${_customerName}</arg>
</arguments>
<kw name="Wait Until Element Is Visible" library="SeleniumLibrary">
<doc>Waits until the element ``locator`` is visible.</doc>
<arguments>
<arg>${locator}</arg>
</arguments>
<status status="PASS" starttime="20200817 07:57:07.276" endtime="20200817 07:57:07.299"></status>
</kw>
<kw name="Scroll Element Into View" library="SeleniumLibrary">
<doc>Scrolls the element identified by ``locator`` into view.</doc>
<arguments>
<arg>${locator}</arg>
</arguments>
<status status="PASS" starttime="20200817 07:57:07.300" endtime="20200817 07:57:07.569"></status>
</kw>
<kw name="Input Text" library="SeleniumLibrary">
<doc>Types the given ``text`` into the text field identified by ``locator``.</doc>
<arguments>
<arg>${locator}</arg>
<arg>${text}</arg>
</arguments>
<msg timestamp="20200817 07:57:07.570" level="INFO">Typing text 'CustomerE' into text field 'xpath=//input[@name='name']'.</msg>
<status status="PASS" starttime="20200817 07:57:07.570" endtime="20200817 07:57:07.701"></status>
</kw>
<status status="PASS" starttime="20200817 07:57:07.275" endtime="20200817 07:57:07.701"></status>
</kw>
<status status="PASS" starttime="20200817 07:57:07.275" endtime="20200817 07:57:07.702"></status>
</kw>
<status status="PASS" starttime="20200817 07:57:07.274" endtime="20200817 07:57:07.702"></status>
</kw>
<kw name="User Select Gender Is Female" library="NewCustomer_Keyword">
<kw name="Select Gender Is Female" library="NewCustomer_Page">
<kw name="Click On Element" library="action">
<arguments>
<arg>${gender_rad_f}</arg>
</arguments>
<kw name="Wait Until Element Is Visible" library="SeleniumLibrary">
<doc>Waits until the element ``locator`` is visible.</doc>
<arguments>
<arg>${locator}</arg>
</arguments>
<status status="PASS" starttime="20200817 07:57:07.704" endtime="20200817 07:57:07.738"></status>
</kw>
<kw name="Click Element" library="SeleniumLibrary">
<doc>Click the element identified by ``locator``.</doc>
<arguments>
<arg>${locator}</arg>
</arguments>
<msg timestamp="20200817 07:57:07.739" level="INFO">Clicking element 'xpath=//input[@name='rad1' and @value='f']'.</msg>
<status status="PASS" starttime="20200817 07:57:07.738" endtime="20200817 07:57:07.799"></status>
</kw>
<status status="PASS" starttime="20200817 07:57:07.703" endtime="20200817 07:57:07.799"></status>
</kw>
<status status="PASS" starttime="20200817 07:57:07.703" endtime="20200817 07:57:07.800"></status>
</kw>
<status status="PASS" starttime="20200817 07:57:07.703" endtime="20200817 07:57:07.800"></status>
</kw>
<kw name="User Input Date Of Birth" library="NewCustomer_Keyword">
<kw name="Input Date Of Birth" library="NewCustomer_Page">
<kw name="Input Text On Element" library="action">
<arguments>
<arg>${dob_txt}</arg>
<arg>${_dateOfBirth}</arg>
</arguments>
<kw name="Wait Until Element Is Visible" library="SeleniumLibrary">
<doc>Waits until the element ``locator`` is visible.</doc>
<arguments>
<arg>${locator}</arg>
</arguments>
<status status="PASS" starttime="20200817 07:57:07.802" endtime="20200817 07:57:07.866"></status>
</kw>
<kw name="Scroll Element Into View" library="SeleniumLibrary">
<doc>Scrolls the element identified by ``locator`` into view.</doc>
<arguments>
<arg>${locator}</arg>
</arguments>
<status status="PASS" starttime="20200817 07:57:07.866" endtime="20200817 07:57:08.133"></status>
</kw>
<kw name="Input Text" library="SeleniumLibrary">
<doc>Types the given ``text`` into the text field identified by ``locator``.</doc>
<arguments>
<arg>${locator}</arg>
<arg>${text}</arg>
</arguments>
<msg timestamp="20200817 07:57:08.134" level="INFO">Typing text '02/10/2020' into text field 'xpath=//input[@name='dob']'.</msg>
<status status="PASS" starttime="20200817 07:57:08.134" endtime="20200817 07:57:08.308"></status>
</kw>
<status status="PASS" starttime="20200817 07:57:07.802" endtime="20200817 07:57:08.309"></status>
</kw>
<status status="PASS" starttime="20200817 07:57:07.801" endtime="20200817 07:57:08.310"></status>
</kw>
<status status="PASS" starttime="20200817 07:57:07.800" endtime="20200817 07:57:08.310"></status>
</kw>
<kw name="User Input Address" library="NewCustomer_Keyword">
<kw name="Input Address" library="NewCustomer_Page">
<kw name="Input Text On Element" library="action">
<arguments>
<arg>${address_txt}</arg>
<arg>${_address}</arg>
</arguments>
<kw name="Wait Until Element Is Visible" library="SeleniumLibrary">
<doc>Waits until the element ``locator`` is visible.</doc>
<arguments>
<arg>${locator}</arg>
</arguments>
<status status="PASS" starttime="20200817 07:57:08.313" endtime="20200817 07:57:08.342"></status>
</kw>
<kw name="Scroll Element Into View" library="SeleniumLibrary">
<doc>Scrolls the element identified by ``locator`` into view.</doc>
<arguments>
<arg>${locator}</arg>
</arguments>
<status status="PASS" starttime="20200817 07:57:08.342" endtime="20200817 07:57:08.611"></status>
</kw>
<kw name="Input Text" library="SeleniumLibrary">
<doc>Types the given ``text`` into the text field identified by ``locator``.</doc>
<arguments>
<arg>${locator}</arg>
<arg>${text}</arg>
</arguments>
<msg timestamp="20200817 07:57:08.611" level="INFO">Typing text '123 linh trung' into text field 'xpath=//textarea[@name='addr']'.</msg>
<status status="PASS" starttime="20200817 07:57:08.611" endtime="20200817 07:57:08.786"></status>
</kw>
<status status="PASS" starttime="20200817 07:57:08.312" endtime="20200817 07:57:08.786"></status>
</kw>
<status status="PASS" starttime="20200817 07:57:08.311" endtime="20200817 07:57:08.786"></status>
</kw>
<status status="PASS" starttime="20200817 07:57:08.310" endtime="20200817 07:57:08.787"></status>
</kw>
<kw name="User Input City" library="NewCustomer_Keyword">
<kw name="Input City" library="NewCustomer_Page">
<kw name="Input Text On Element" library="action">
<arguments>
<arg>${city_txt}</arg>
<arg>${_city}</arg>
</arguments>
<kw name="Wait Until Element Is Visible" library="SeleniumLibrary">
<doc>Waits until the element ``locator`` is visible.</doc>
<arguments>
<arg>${locator}</arg>
</arguments>
<status status="PASS" starttime="20200817 07:57:08.788" endtime="20200817 07:57:08.821"></status>
</kw>
<kw name="Scroll Element Into View" library="SeleniumLibrary">
<doc>Scrolls the element identified by ``locator`` into view.</doc>
<arguments>
<arg>${locator}</arg>
</arguments>
<status status="PASS" starttime="20200817 07:57:08.822" endtime="20200817 07:57:09.094"></status>
</kw>
<kw name="Input Text" library="SeleniumLibrary">
<doc>Types the given ``text`` into the text field identified by ``locator``.</doc>
<arguments>
<arg>${locator}</arg>
<arg>${text}</arg>
</arguments>
<msg timestamp="20200817 07:57:09.095" level="INFO">Typing text 'hcm' into text field 'xpath=//input[@name='city']'.</msg>
<status status="PASS" starttime="20200817 07:57:09.095" endtime="20200817 07:57:09.181"></status>
</kw>
<status status="PASS" starttime="20200817 07:57:08.788" endtime="20200817 07:57:09.181"></status>
</kw>
<status status="PASS" starttime="20200817 07:57:08.787" endtime="20200817 07:57:09.181"></status>
</kw>
<status status="PASS" starttime="20200817 07:57:08.787" endtime="20200817 07:57:09.182"></status>
</kw>
<kw name="User Input State" library="NewCustomer_Keyword">
<kw name="Input State" library="NewCustomer_Page">
<kw name="Input Text On Element" library="action">
<arguments>
<arg>${state_txt}</arg>
<arg>${_state}</arg>
</arguments>
<kw name="Wait Until Element Is Visible" library="SeleniumLibrary">
<doc>Waits until the element ``locator`` is visible.</doc>
<arguments>
<arg>${locator}</arg>
</arguments>
<status status="PASS" starttime="20200817 07:57:09.183" endtime="20200817 07:57:09.214"></status>
</kw>
<kw name="Scroll Element Into View" library="SeleniumLibrary">
<doc>Scrolls the element identified by ``locator`` into view.</doc>
<arguments>
<arg>${locator}</arg>
</arguments>
<status status="PASS" starttime="20200817 07:57:09.214" endtime="20200817 07:57:09.494"></status>
</kw>
<kw name="Input Text" library="SeleniumLibrary">
<doc>Types the given ``text`` into the text field identified by ``locator``.</doc>
<arguments>
<arg>${locator}</arg>
<arg>${text}</arg>
</arguments>
<msg timestamp="20200817 07:57:09.495" level="INFO">Typing text 'Cali' into text field 'xpath=//input[@name='state']'.</msg>
<status status="PASS" starttime="20200817 07:57:09.494" endtime="20200817 07:57:09.583"></status>
</kw>
<status status="PASS" starttime="20200817 07:57:09.183" endtime="20200817 07:57:09.583"></status>
</kw>
<status status="PASS" starttime="20200817 07:57:09.183" endtime="20200817 07:57:09.584"></status>
</kw>
<status status="PASS" starttime="20200817 07:57:09.182" endtime="20200817 07:57:09.584"></status>
</kw>
<kw name="User Input PIN" library="NewCustomer_Keyword">
<kw name="Input PIN" library="NewCustomer_Page">
<kw name="Input Text On Element" library="action">
<arguments>
<arg>${PIN_txt}</arg>
<arg>${_PIN}</arg>
</arguments>
<kw name="Wait Until Element Is Visible" library="SeleniumLibrary">
<doc>Waits until the element ``locator`` is visible.</doc>
<arguments>
<arg>${locator}</arg>
</arguments>
<status status="PASS" starttime="20200817 07:57:09.586" endtime="20200817 07:57:09.618"></status>
</kw>
<kw name="Scroll Element Into View" library="SeleniumLibrary">
<doc>Scrolls the element identified by ``locator`` into view.</doc>
<arguments>
<arg>${locator}</arg>
</arguments>
<status status="PASS" starttime="20200817 07:57:09.618" endtime="20200817 07:57:09.894"></status>
</kw>
<kw name="Input Text" library="SeleniumLibrary">
<doc>Types the given ``text`` into the text field identified by ``locator``.</doc>
<arguments>
<arg>${locator}</arg>
<arg>${text}</arg>
</arguments>
<msg timestamp="20200817 07:57:09.895" level="INFO">Typing text '123456' into text field 'xpath=//input[@name='pinno']'.</msg>
<status status="PASS" starttime="20200817 07:57:09.894" endtime="20200817 07:57:10.086"></status>
</kw>
<status status="PASS" starttime="20200817 07:57:09.585" endtime="20200817 07:57:10.086"></status>
</kw>
<status status="PASS" starttime="20200817 07:57:09.585" endtime="20200817 07:57:10.086"></status>
</kw>
<status status="PASS" starttime="20200817 07:57:09.584" endtime="20200817 07:57:10.087"></status>
</kw>
<kw name="User Input Phone Number" library="NewCustomer_Keyword">
<kw name="Input Phone Number" library="NewCustomer_Page">
<kw name="Input Text On Element" library="action">
<arguments>
<arg>${phone_txt}</arg>
<arg>${_phone}</arg>
</arguments>
<kw name="Wait Until Element Is Visible" library="SeleniumLibrary">
<doc>Waits until the element ``locator`` is visible.</doc>
<arguments>
<arg>${locator}</arg>
</arguments>
<status status="PASS" starttime="20200817 07:57:10.088" endtime="20200817 07:57:10.117"></status>
</kw>
<kw name="Scroll Element Into View" library="SeleniumLibrary">
<doc>Scrolls the element identified by ``locator`` into view.</doc>
<arguments>
<arg>${locator}</arg>
</arguments>
<status status="PASS" starttime="20200817 07:57:10.117" endtime="20200817 07:57:10.395"></status>
</kw>
<kw name="Input Text" library="SeleniumLibrary">
<doc>Types the given ``text`` into the text field identified by ``locator``.</doc>
<arguments>
<arg>${locator}</arg>
<arg>${text}</arg>
</arguments>
<msg timestamp="20200817 07:57:10.396" level="INFO">Typing text '0999999999' into text field 'xpath=//input[@name='telephoneno']'.</msg>
<status status="PASS" starttime="20200817 07:57:10.395" endtime="20200817 07:57:10.530"></status>
</kw>
<status status="PASS" starttime="20200817 07:57:10.088" endtime="20200817 07:57:10.530"></status>
</kw>
<status status="PASS" starttime="20200817 07:57:10.087" endtime="20200817 07:57:10.530"></status>
</kw>
<status status="PASS" starttime="20200817 07:57:10.087" endtime="20200817 07:57:10.531"></status>
</kw>
<kw name="User Input Email" library="NewCustomer_Keyword">
<kw name="Input Email" library="NewCustomer_Page">
<kw name="Email Random" library="newCustomer_variables">
<kw name="Email" library="faker">
<assign>
<var>${_email}</var>
</assign>
<msg timestamp="20200817 07:57:10.533" level="INFO">${_email} = uvasquez@johnson.com</msg>
<status status="PASS" starttime="20200817 07:57:10.532" endtime="20200817 07:57:10.533"></status>
</kw>
<kw name="Set Suite Variable" library="BuiltIn">
<doc>Makes a variable available everywhere within the scope of the current suite.</doc>
<arguments>
<arg>${_email}</arg>
</arguments>
<msg timestamp="20200817 07:57:10.534" level="INFO">${_email} = uvasquez@johnson.com</msg>
<status status="PASS" starttime="20200817 07:57:10.533" endtime="20200817 07:57:10.534"></status>
</kw>
<kw name="Log To Console" library="BuiltIn">
<doc>Logs the given message to the console.</doc>
<arguments>
<arg>_email=${_email}</arg>
<arg>STDERR</arg>
</arguments>
<status status="PASS" starttime="20200817 07:57:10.534" endtime="20200817 07:57:10.534"></status>
</kw>
<status status="PASS" starttime="20200817 07:57:10.532" endtime="20200817 07:57:10.534"></status>
</kw>
<kw name="Input Text On Element" library="action">
<arguments>
<arg>${email_txt}</arg>
<arg>${_email}</arg>
</arguments>
<kw name="Wait Until Element Is Visible" library="SeleniumLibrary">
<doc>Waits until the element ``locator`` is visible.</doc>
<arguments>
<arg>${locator}</arg>
</arguments>
<status status="PASS" starttime="20200817 07:57:10.535" endtime="20200817 07:57:10.573"></status>
</kw>
<kw name="Scroll Element Into View" library="SeleniumLibrary">
<doc>Scrolls the element identified by ``locator`` into view.</doc>
<arguments>
<arg>${locator}</arg>
</arguments>
<status status="PASS" starttime="20200817 07:57:10.573" endtime="20200817 07:57:10.845"></status>
</kw>
<kw name="Input Text" library="SeleniumLibrary">
<doc>Types the given ``text`` into the text field identified by ``locator``.</doc>
<arguments>
<arg>${locator}</arg>
<arg>${text}</arg>
</arguments>
<msg timestamp="20200817 07:57:10.845" level="INFO">Typing text 'uvasquez@johnson.com' into text field 'xpath=//input[@name='emailid']'.</msg>
<status status="PASS" starttime="20200817 07:57:10.845" endtime="20200817 07:57:11.072"></status>
</kw>
<status status="PASS" starttime="20200817 07:57:10.534" endtime="20200817 07:57:11.073"></status>
</kw>
<status status="PASS" starttime="20200817 07:57:10.531" endtime="20200817 07:57:11.073"></status>
</kw>
<status status="PASS" starttime="20200817 07:57:10.531" endtime="20200817 07:57:11.073"></status>
</kw>
<kw name="User Input Password" library="NewCustomer_Keyword">
<kw name="Input Password" library="NewCustomer_Page">
<kw name="Input Text On Element" library="action">
<arguments>
<arg>${password_txt}</arg>
<arg>${_password}</arg>
</arguments>
<kw name="Wait Until Element Is Visible" library="SeleniumLibrary">
<doc>Waits until the element ``locator`` is visible.</doc>
<arguments>
<arg>${locator}</arg>
</arguments>
<status status="PASS" starttime="20200817 07:57:11.075" endtime="20200817 07:57:11.111"></status>
</kw>
<kw name="Scroll Element Into View" library="SeleniumLibrary">
<doc>Scrolls the element identified by ``locator`` into view.</doc>
<arguments>
<arg>${locator}</arg>
</arguments>
<status status="PASS" starttime="20200817 07:57:11.111" endtime="20200817 07:57:11.379"></status>
</kw>
<kw name="Input Text" library="SeleniumLibrary">
<doc>Types the given ``text`` into the text field identified by ``locator``.</doc>
<arguments>
<arg>${locator}</arg>
<arg>${text}</arg>
</arguments>
<msg timestamp="20200817 07:57:11.380" level="INFO">Typing text '123456' into text field 'xpath=//input[@name='password']'.</msg>
<status status="PASS" starttime="20200817 07:57:11.379" endtime="20200817 07:57:11.474"></status>
</kw>
<status status="PASS" starttime="20200817 07:57:11.074" endtime="20200817 07:57:11.475"></status>
</kw>
<status status="PASS" starttime="20200817 07:57:11.074" endtime="20200817 07:57:11.475"></status>
</kw>
<status status="PASS" starttime="20200817 07:57:11.073" endtime="20200817 07:57:11.475"></status>
</kw>
<kw name="User Click On Submit Button" library="NewCustomer_Keyword">
<kw name="Click On Submit Button" library="NewCustomer_Page">
<kw name="Click On Element" library="action">
<arguments>
<arg>${submit_btn}</arg>
</arguments>
<kw name="Wait Until Element Is Visible" library="SeleniumLibrary">
<doc>Waits until the element ``locator`` is visible.</doc>
<arguments>
<arg>${locator}</arg>
</arguments>
<status status="PASS" starttime="20200817 07:57:11.479" endtime="20200817 07:57:11.504"></status>
</kw>
<kw name="Click Element" library="SeleniumLibrary">
<doc>Click the element identified by ``locator``.</doc>
<arguments>
<arg>${locator}</arg>
</arguments>
<msg timestamp="20200817 07:57:11.505" level="INFO">Clicking element 'xpath=//input[@name='sub']'.</msg>
<status status="PASS" starttime="20200817 07:57:11.504" endtime="20200817 07:57:12.955"></status>
</kw>
<status status="PASS" starttime="20200817 07:57:11.478" endtime="20200817 07:57:12.955"></status>
</kw>
<status status="PASS" starttime="20200817 07:57:11.477" endtime="20200817 07:57:12.956"></status>
</kw>
<status status="PASS" starttime="20200817 07:57:11.476" endtime="20200817 07:57:12.956"></status>
</kw>
<kw name="User Verify Add Customer Is Success" library="NewCustomer_Keyword">
<kw name="Verify Add Customer Is Success" library="NewCustomer_Page">
<kw name="Verify That Action Is Correctly" library="action">
<arguments>
<arg>${addCustomer_message}</arg>
<arg>${_addCustomer_success}</arg>
</arguments>
<kw name="Scroll Element Into View" library="SeleniumLibrary">
<doc>Scrolls the element identified by ``locator`` into view.</doc>
<arguments>
<arg>${locator}</arg>
</arguments>
<status status="PASS" starttime="20200817 07:57:12.958" endtime="20200817 07:57:13.246"></status>
</kw>
<kw name="Get Text On Element" library="action">
<arguments>
<arg>${locator}</arg>
</arguments>
<assign>
<var>${actual_result}</var>
</assign>
<kw name="Wait Until Element Is Visible" library="SeleniumLibrary">
<doc>Waits until the element ``locator`` is visible.</doc>
<arguments>
<arg>${locator}</arg>
</arguments>
<status status="PASS" starttime="20200817 07:57:13.247" endtime="20200817 07:57:13.264"></status>
</kw>
<kw name="Scroll Element Into View" library="SeleniumLibrary">
<doc>Scrolls the element identified by ``locator`` into view.</doc>
<arguments>
<arg>${locator}</arg>
</arguments>
<status status="PASS" starttime="20200817 07:57:13.264" endtime="20200817 07:57:13.530"></status>
</kw>
<kw name="Get Text" library="SeleniumLibrary">
<doc>Returns the text value of the element identified by ``locator``.</doc>
<arguments>
<arg>${locator}</arg>
</arguments>
<assign>
<var>${return_text}</var>
</assign>
<msg timestamp="20200817 07:57:13.550" level="INFO">${return_text} = Customer Registered Successfully!!!</msg>
<status status="PASS" starttime="20200817 07:57:13.530" endtime="20200817 07:57:13.550"></status>
</kw>
<msg timestamp="20200817 07:57:13.550" level="INFO">${actual_result} = Customer Registered Successfully!!!</msg>
<status status="PASS" starttime="20200817 07:57:13.246" endtime="20200817 07:57:13.550"></status>
</kw>
<kw name="Should Be Equal" library="BuiltIn">
<doc>Fails if the given objects are unequal.</doc>
<arguments>
<arg>${actual_result}</arg>
<arg>${expected_result}</arg>
</arguments>
<status status="PASS" starttime="20200817 07:57:13.550" endtime="20200817 07:57:13.550"></status>
</kw>
<kw name="Log To Console" library="BuiltIn">
<doc>Logs the given message to the console.</doc>
<arguments>
<arg>text=${actual_result}</arg>
<arg>STDERR</arg>
</arguments>
<status status="PASS" starttime="20200817 07:57:13.551" endtime="20200817 07:57:13.551"></status>
</kw>
<status status="PASS" starttime="20200817 07:57:12.958" endtime="20200817 07:57:13.551"></status>
</kw>
<status status="PASS" starttime="20200817 07:57:12.957" endtime="20200817 07:57:13.551"></status>
</kw>
<status status="PASS" starttime="20200817 07:57:12.957" endtime="20200817 07:57:13.551"></status>
</kw>
<tags>
<tag>All</tag>
<tag>Register</tag>
</tags>
<status status="PASS" starttime="20200817 07:57:05.388" endtime="20200817 07:57:13.551" critical="yes"></status>
</test>
<status status="PASS" starttime="20200817 07:57:05.347" endtime="20200817 07:57:13.552"></status>
</suite>
<status status="PASS" starttime="20200817 07:57:05.342" endtime="20200817 07:57:13.554"></status>
</suite>
<status status="PASS" starttime="20200817 07:57:05.338" endtime="20200817 07:57:13.557"></status>
</suite>
<status status="PASS" starttime="20200817 07:56:42.038" endtime="20200817 07:57:13.558"></status>
</suite>
<statistics>
<total>
<stat pass="4" fail="0">Critical Tests</stat>
<stat pass="4" fail="0">All Tests</stat>
</total>
<tag>
<stat pass="4" fail="0">All</stat>
<stat pass="1" fail="0">login_success_1</stat>
<stat pass="4" fail="0">Register</stat>
</tag>
<suite>
<stat pass="4" fail="0" id="s1" name="Register &amp; Login &amp; New Customer">Register &amp; Login &amp; New Customer</stat>
<stat pass="2" fail="0" id="s1-s1" name="Register">Register &amp; Login &amp; New Customer.Register</stat>
<stat pass="2" fail="0" id="s1-s1-s1" name="Register Testcase">Register &amp; Login &amp; New Customer.Register.Register Testcase</stat>
<stat pass="2" fail="0" id="s1-s1-s1-s1" name="TC1-Register">Register &amp; Login &amp; New Customer.Register.Register Testcase.TC1-Register</stat>
<stat pass="1" fail="0" id="s1-s2" name="Login">Register &amp; Login &amp; New Customer.Login</stat>
<stat pass="1" fail="0" id="s1-s2-s1" name="Login Testcase">Register &amp; Login &amp; New Customer.Login.Login Testcase</stat>
<stat pass="1" fail="0" id="s1-s2-s1-s1" name="TC1-Valid login">Register &amp; Login &amp; New Customer.Login.Login Testcase.TC1-Valid login</stat>
<stat pass="1" fail="0" id="s1-s3" name="New Customer">Register &amp; Login &amp; New Customer.New Customer</stat>
<stat pass="1" fail="0" id="s1-s3-s1" name="NewCustomer Testcase">Register &amp; Login &amp; New Customer.New Customer.NewCustomer Testcase</stat>
<stat pass="1" fail="0" id="s1-s3-s1-s1" name="AddNewCustomer">Register &amp; Login &amp; New Customer.New Customer.NewCustomer Testcase.AddNewCustomer</stat>
</suite>
</statistics>
<errors>
</errors>
</robot>
