<?xml version="1.0" encoding="UTF-8"?>
<robot generator="Robot 3.2.1 (Python 3.8.3 on darwin)" generated="20200608 16:42:41.263" rpa="false">
    <suite id="s1" name="Test2" source="/Users/danhdc/Desktop/Python/Automation/Test/Test2.robot">
        <test id="s1-t1" name="Generate Fake Data Example1">
            <kw name="text = ${address}=">
                <arguments>
                    <arg>Address</arg>
                </arguments>
                <msg timestamp="20200608 16:42:41.793" level="FAIL">No keyword with name 'text = ${address}=' found.
                </msg>
                <status status="FAIL" starttime="20200608 16:42:41.793" endtime="20200608 16:42:41.794"></status>
            </kw>
            <doc>Robot Framework Faker allows users to generate random test data by using Faker's random test data
                generation keywords. Using Faker, users avoid using static test data for testing and improve the test to
                simulate real world data.
            </doc>
            <tags>
                <tag>Faker</tag>
            </tags>
            <status status="FAIL" starttime="20200608 16:42:41.782" endtime="20200608 16:42:41.794" critical="yes">No
                keyword with name 'text = ${address}=' found.
            </status>
        </test>
        <status status="FAIL" starttime="20200608 16:42:41.264" endtime="20200608 16:42:41.795"></status>
    </suite>
    <statistics>
        <total>
            <stat pass="0" fail="1">Critical Tests</stat>
            <stat pass="0" fail="1">All Tests</stat>
        </total>
        <tag>
            <stat pass="0" fail="1">Faker</stat>
        </tag>
        <suite>
            <stat pass="0" fail="1" id="s1" name="Test2">Test2</stat>
        </suite>
    </statistics>
    <errors>
    </errors>
</robot>
